            --------------------------------------------------------
                             AMBER SQM VERSION 17
 
                                     By
              Ross C. Walker, Michael F. Crowley, Scott Brozell,
                         Tim Giese, Andreas W. Goetz,
                        Tai-Sung Lee and David A. Case
 
            --------------------------------------------------------
 

--------------------------------------------------------------------------------
  QM CALCULATION INFO
--------------------------------------------------------------------------------

| QMMM: Citation for AMBER QMMM Run:
| QMMM: R.C. Walker, M.F. Crowley and D.A. Case, J. COMP. CHEM. 29:1019, 2008

QMMM: SINGLET STATE CALCULATION
QMMM: RHF CALCULATION, NO. OF DOUBLY OCCUPIED LEVELS = 18

| QMMM: *** Selected Hamiltonian *** 
| QMMM: AM1         

| QMMM: *** Parameter sets in use ***
| QMMM: C : M.J.S.DEWAR et al. JACS, 107, 3902, (1985)
| QMMM: H : M.J.S.DEWAR et al. JACS, 107, 3902, (1985)

| QMMM: *** SCF convergence criteria ***
| QMMM: Energy change                :  0.1D-09 kcal/mol
| QMMM: Error matrix |FP-PF|         :  0.1D+00 au
| QMMM: Density matrix change        :  0.5D-06
| QMMM: Maximum number of SCF cycles :     1000

| QMMM: *** Diagonalization Routine Information ***
| QMMM: Pseudo diagonalizations are allowed.
| QMMM: Auto diagonalization routine selection is in use.
| QMMM:
| QMMM: Timing diagonalization routines:
| QMMM:                              norbs =       36
| QMMM:    diag iterations used for timing =       20
| QMMM:
| QMMM:              Internal diag routine = 0.003630 seconds
| QMMM:                 Dspev diag routine = 0.006494 seconds
| QMMM:                Dspevd diag routine = 0.005166 seconds
| QMMM:                Dspevx diag routine = 0.018739 seconds
| QMMM:                 Dsyev diag routine = 0.006216 seconds
| QMMM:                Dsyevd diag routine = 0.006540 seconds
| QMMM:                Dsyevr diag routine = 0.006531 seconds
| QMMM:
| QMMM:                Pseudo diag routine = 0.001213 seconds
| QMMM:
| QMMM: Using internal diagonalization routine (diag_routine=1).

  QMMM: QM Region Cartesian Coordinates (*=link atom) 
  QMMM: QM_NO.   MM_NO.  ATOM         X         Y         Z
  QMMM:     1        1      C       15.0000   15.8800   16.4900
  QMMM:     2        2      C       13.6600   15.2800   16.0500
  QMMM:     3        3      C       15.9800   15.6000   15.3500
  QMMM:     4        4      C       13.8900   14.7000   14.6600
  QMMM:     5        5      C       15.3800   14.3900   14.6400
  QMMM:     6        6      C       15.9300   14.2000   13.2300
  QMMM:     7        7      H       14.9200   16.9500   16.7000
  QMMM:     8        8      H       15.3400   15.3900   17.4100
  QMMM:     9        9      H       13.3600   14.5000   16.7500
  QMMM:    10       10      H       12.8600   16.0400   16.0400
  QMMM:    11       11      H       16.0200   16.4700   14.6800
  QMMM:    12       12      H       16.9900   15.4200   15.7200
  QMMM:    13       13      H       13.2800   13.8100   14.4900
  QMMM:    14       14      H       13.6300   15.4400   13.9000
  QMMM:    15       15      H       15.5900   13.4900   15.2200
  QMMM:    16       16      H       15.2800   13.5400   12.6600
  QMMM:    17       17      H       16.0000   15.1500   12.7100
  QMMM:    18       18      H       16.9300   13.7500   13.2700

--------------------------------------------------------------------------------
  RESULTS
--------------------------------------------------------------------------------

      iter         sqm energy              rms gradient
      ----    -------------------    -----------------------
xmin    10      -34.1257 kcal/mol        0.0947 kcal/(mol*A)
xmin    20      -34.2084 kcal/mol        0.0288 kcal/(mol*A)
xmin    30      -34.2092 kcal/mol        0.0038 kcal/(mol*A)
xmin    40      -34.2093 kcal/mol        0.0013 kcal/(mol*A)
xmin    40      -34.2093 kcal/mol        0.0004 kcal/(mol*A)
  ... geometry converged !
 
 Final MO eigenvalues (eV):
 -38.9927  -32.0847  -29.5565  -25.7066  -20.9925  -20.3994  -16.8314  -15.8185
 -14.4566  -14.0012  -13.8615  -12.7972  -12.3366  -11.9913  -11.6852  -11.5457
 -11.0229  -10.9628    3.6133    3.6976    3.8500    4.1783    4.3134    4.5175
   4.6047    4.6859    4.7980    4.8021    5.0096    5.0321    5.1518    5.2224
   5.2779    5.2910    5.3782    5.4160

 Heat of formation   =        -34.20926352 kcal/mol  (       -1.48342498 eV)

 Total SCF energy    =     -21555.32745269 kcal/mol  (     -934.70913892 eV)
 Electronic energy   =     -98975.01517113 kcal/mol  (    -4291.87872040 eV)
 Core-core repulsion =      77419.68771845 kcal/mol  (     3357.16958148 eV)
 
    Atomic Charges for Step       1 :
  Atom    Element       Mulliken Charge
     1      C                 -0.157
     2      C                 -0.157
     3      C                 -0.155
     4      C                 -0.155
     5      C                 -0.107
     6      C                 -0.204
     7      H                  0.079
     8      H                  0.078
     9      H                  0.078
    10      H                  0.079
    11      H                  0.080
    12      H                  0.080
    13      H                  0.080
    14      H                  0.080
    15      H                  0.085
    16      H                  0.072
    17      H                  0.074
    18      H                  0.072
 Total Mulliken Charge =      -0.000
 
                  X        Y        Z     TOTAL  
  QM DIPOLE     0.010    0.002   -0.034    0.035
 
 Final Structure

  QMMM: QM Region Cartesian Coordinates (*=link atom) 
  QMMM: QM_NO.   MM_NO.  ATOM         X         Y         Z
  QMMM:     1        1      C       15.0097   15.9050   16.4629
  QMMM:     2        2      C       13.6584   15.3657   16.0106
  QMMM:     3        3      C       16.0546   15.4249   15.4651
  QMMM:     4        4      C       13.8864   14.5601   14.7390
  QMMM:     5        5      C       15.3943   14.3449   14.6078
  QMMM:     6        6      C       15.8567   14.3902   13.1730
  QMMM:     7        7      H       14.9956   17.0223   16.5099
  QMMM:     8        8      H       15.2516   15.5335   17.4904
  QMMM:     9        9      H       13.2122   14.7192   16.8075
  QMMM:    10       10      H       12.9402   16.2020   15.8224
  QMMM:    11       11      H       16.3959   16.2754   14.8221
  QMMM:    12       12      H       16.9549   15.0188   15.9880
  QMMM:    13       13      H       13.3495   13.5809   14.7804
  QMMM:    14       14      H       13.4958   15.1190   13.8510
  QMMM:    15       15      H       15.6529   13.3371   15.0358
  QMMM:    16       16      H       15.3521   13.5908   12.5785
  QMMM:    17       17      H       15.6184   15.3777   12.7083
  QMMM:    18       18      H       16.9608   14.2325   13.1172

           --------- Calculation Completed ----------

